  adding: binaries/ (stored 0%)
  adding: binaries/linux64/ (stored 0%)
  adding: binaries/linux64/RoverExample_Components_Webserver.so (deflated 64%)
  adding: modelDescription.xml (deflated 78%)
  adding: resources/ (stored 0%)
  adding: sources/ (stored 0%)
  adding: sources/Makefile.in (deflated 70%)
  adding: sources/RoverExample_Components_Webserver_11mix.h (stored 0%)
  adding: sources/install-sh (deflated 61%)
  adding: sources/openmodelica_func.h (deflated 73%)
  adding: sources/RoverExample_Components_Webserver_05evt.c (deflated 66%)
  adding: sources/RoverExample_Components_Webserver_18spd.c (deflated 52%)
  adding: sources/RoverExample_Components_Webserver_09alg.c (deflated 58%)
  adding: sources/RoverExample_Components_Webserver_03lsy.c (deflated 41%)
  adding: sources/RoverExample_Components_Webserver_14lnz.c (deflated 60%)
  adding: sources/config.sub (deflated 69%)
  adding: sources/omc_simulation_settings.h (deflated 52%)
  adding: sources/RoverExample_Components_Webserver_01exo.c (deflated 45%)
  adding: sources/RoverExample_Components_Webserver_13opt.c (deflated 75%)
  adding: sources/gc/ (stored 0%)
  adding: sources/gc/omc_gc.c (deflated 52%)
  adding: sources/gc/memory_pool.c (deflated 67%)
  adding: sources/gc/memory_pool.h (deflated 54%)
  adding: sources/gc/omc_gc.h (deflated 65%)
  adding: sources/RoverExample_Components_Webserver.c (deflated 81%)
  adding: sources/RoverExample_Components_Webserver_15syn.c (deflated 62%)
  adding: sources/simulation/ (stored 0%)
  adding: sources/simulation/simulation_info_json.h (deflated 52%)
  adding: sources/simulation/simulation_omc_assert.h (deflated 58%)
  adding: sources/simulation/simulation_input_xml.h (deflated 47%)
  adding: sources/simulation/simulation_omc_assert.c (deflated 68%)
  adding: sources/simulation/options.h (deflated 46%)
  adding: sources/simulation/results/ (stored 0%)
  adding: sources/simulation/results/simulation_result.h (deflated 52%)
  adding: sources/simulation/jacobian_util.h (deflated 54%)
  adding: sources/simulation/simulation_runtime.h (deflated 56%)
  adding: sources/simulation/socket.h (deflated 54%)
  adding: sources/simulation/jacobian_util.c (deflated 72%)
  adding: sources/simulation/omc_simulation_util.h (deflated 51%)
  adding: sources/simulation/options.c (deflated 74%)
  adding: sources/simulation/simulation_info_json.c (deflated 77%)
  adding: sources/simulation/modelinfo.h (deflated 51%)
  adding: sources/simulation/solver/ (stored 0%)
  adding: sources/simulation/solver/nonlinearValuesList.h (deflated 52%)
  adding: sources/simulation/solver/synchronous.c (deflated 76%)
  adding: sources/simulation/solver/initialization/ (stored 0%)
  adding: sources/simulation/solver/initialization/initialization.c (deflated 78%)
  adding: sources/simulation/solver/initialization/initialization.h (deflated 49%)
  adding: sources/simulation/solver/epsilon.h (deflated 50%)
  adding: sources/simulation/solver/cvode_solver.h (deflated 68%)
  adding: sources/simulation/solver/sundials_util.h (deflated 47%)
  adding: sources/simulation/solver/nonlinearSolverHybrd.h (deflated 56%)
  adding: sources/simulation/solver/events.h (deflated 52%)
  adding: sources/simulation/solver/solver_main.h (deflated 61%)
  adding: sources/simulation/solver/nonlinearSystem.h (deflated 62%)
  adding: sources/simulation/solver/synchronous.h (deflated 51%)
  adding: sources/simulation/solver/dassl.h (deflated 56%)
  adding: sources/simulation/solver/dae_mode.h (deflated 51%)
  adding: sources/simulation/solver/linearSolverLapack.h (deflated 47%)
  adding: sources/simulation/solver/model_help.h (deflated 72%)
  adding: sources/simulation/solver/external_input.h (deflated 45%)
  adding: sources/simulation/solver/model_help.c (deflated 82%)
  adding: sources/simulation/solver/stateset.c (deflated 73%)
  adding: sources/simulation/solver/embedded_server.h (deflated 50%)
  adding: sources/simulation/solver/omc_math.h (deflated 71%)
  adding: sources/simulation/solver/linearSystem.h (deflated 51%)
  adding: sources/simulation/solver/perform_simulation.c.inc (deflated 72%)
  adding: sources/simulation/solver/perform_qss_simulation.c.inc (deflated 72%)
  adding: sources/simulation/solver/fmi_events.h (deflated 45%)
  adding: sources/simulation/solver/real_time_sync.h (deflated 46%)
  adding: sources/simulation/solver/stateset.h (deflated 51%)
  adding: sources/simulation/solver/linearSolverTotalPivot.h (deflated 47%)
  adding: sources/simulation/solver/delay.c (deflated 71%)
  adding: sources/simulation/solver/omc_math.c (deflated 83%)
  adding: sources/simulation/solver/mixedSearchSolver.h (deflated 46%)
  adding: sources/simulation/solver/sundials_error.h (deflated 61%)
  adding: sources/simulation/solver/nonlinearSolverHomotopy.h (deflated 50%)
  adding: sources/simulation/solver/spatialDistribution.c (deflated 82%)
  adding: sources/simulation/solver/delay.h (deflated 50%)
  adding: sources/simulation/solver/spatialDistribution.h (deflated 56%)
  adding: sources/simulation/solver/mixedSystem.h (deflated 48%)
  adding: sources/simulation/solver/fmi_events.c (deflated 73%)
  adding: sources/simulation/solver/ida_solver.h (deflated 60%)
  adding: sources/simulation/omc_simulation_util.c (deflated 49%)
  adding: sources/configure (deflated 76%)
  adding: sources/RoverExample_Components_Webserver_07dly.c (deflated 34%)
  adding: sources/ModelicaUtilities.h (deflated 69%)
  adding: sources/openmodelica.h (deflated 59%)
  adding: sources/linearization/ (stored 0%)
  adding: sources/linearization/linearize.h (deflated 46%)
  adding: sources/RoverExample_Components_Webserver_17inl.c (deflated 34%)
  adding: sources/RoverExample_Components_Webserver_08bnd.c (deflated 77%)
  adding: sources/CMakeLists.txt (deflated 71%)
  adding: sources/RoverExample_Components_Webserver_12jac.h (deflated 85%)
  adding: sources/config.guess (deflated 71%)
  adding: sources/RoverExample_Components_Webserver_02nls.c (deflated 40%)
  adding: sources/RoverExample_Components_Webserver_04set.c (deflated 50%)
  adding: sources/RoverExample_Components_Webserver.makefile (deflated 2%)
  adding: sources/fmi/ (stored 0%)
  adding: sources/fmi/fmi2Functions.h (deflated 74%)
  adding: sources/fmi/fmi2TypesPlatform.h (deflated 62%)
  adding: sources/fmi/fmi2FunctionTypes.h (deflated 76%)
  adding: sources/fmi/fmiModelTypes.h (deflated 58%)
  adding: sources/fmi/fmiModelFunctions.h (deflated 75%)
  adding: sources/optimization/ (stored 0%)
  adding: sources/optimization/OptimizerInterface.h (deflated 45%)
  adding: sources/optimization/OptimizerData.h (deflated 63%)
  adding: sources/optimization/OptimizerLocalFunction.h (deflated 57%)
  adding: sources/dataReconciliation/ (stored 0%)
  adding: sources/dataReconciliation/dataReconciliation.h (deflated 49%)
  adding: sources/util/ (stored 0%)
  adding: sources/util/varinfo.c (deflated 56%)
  adding: sources/util/utility.c (deflated 67%)
  adding: sources/util/real_array.h (deflated 79%)
  adding: sources/util/modelica_string.c (deflated 73%)
  adding: sources/util/simulation_options.c (deflated 82%)
  adding: sources/util/read_csv.h (deflated 48%)
  adding: sources/util/index_spec.h (deflated 49%)
  adding: sources/util/doubleEndedList.c (deflated 79%)
  adding: sources/util/read_write.h (deflated 69%)
  adding: sources/util/modelica_string.h (deflated 72%)
  adding: sources/util/utility.h (deflated 64%)
  adding: sources/util/real_array.c (deflated 82%)
  adding: sources/util/varinfo.h (deflated 46%)
  adding: sources/util/base_array.c (deflated 76%)
  adding: sources/util/index_spec.c (deflated 65%)
  adding: sources/util/generic_array.h (deflated 74%)
  adding: sources/util/omc_file.c (deflated 68%)
  adding: sources/util/context.h (deflated 48%)
  adding: sources/util/omc_error.c (deflated 78%)
  adding: sources/util/omc_error.h (deflated 77%)
  adding: sources/util/rational.c (deflated 70%)
  adding: sources/util/modelica.h (deflated 51%)
  adding: sources/util/modelica_string_lit.h (deflated 44%)
  adding: sources/util/omc_mmap.h (deflated 65%)
  adding: sources/util/omc_numbers.h (deflated 34%)
  adding: sources/util/boolean_array.c (deflated 81%)
  adding: sources/util/doubleEndedList.h (deflated 66%)
  adding: sources/util/division.c (deflated 64%)
  adding: sources/util/simulation_options.h (deflated 69%)
  adding: sources/util/parallel_helper.h (deflated 45%)
  adding: sources/util/list.h (deflated 59%)
  adding: sources/util/omc_init.c (deflated 48%)
  adding: sources/util/rational.h (deflated 54%)
  adding: sources/util/ModelicaUtilities.c (deflated 67%)
  adding: sources/util/omc_msvc.c (deflated 64%)
  adding: sources/util/omc_spinlock.h (deflated 41%)
  adding: sources/util/libcsv.h (deflated 68%)
  adding: sources/util/omc_mmap.c (deflated 65%)
  adding: sources/util/integer_array.h (deflated 82%)
  adding: sources/util/division.h (deflated 62%)
  adding: sources/util/omc_init.h (deflated 50%)
  adding: sources/util/read_matlab4.h (deflated 57%)
  adding: sources/util/modelica_string_lit.c (deflated 91%)
  adding: sources/util/rtclock.h (deflated 65%)
  adding: sources/util/string_array.h (deflated 77%)
  adding: sources/util/omc_msvc.h (deflated 59%)
  adding: sources/util/list.c (deflated 76%)
  adding: sources/util/ringbuffer.c (deflated 69%)
  adding: sources/util/context.c (deflated 62%)
  adding: sources/util/ringbuffer.h (deflated 51%)
  adding: sources/util/parallel_helper.c (deflated 50%)
  adding: sources/util/omc_file.h (deflated 60%)
  adding: sources/util/generic_array.c (deflated 72%)
  adding: sources/util/boolean_array.h (deflated 77%)
  adding: sources/util/omc_numbers.c (deflated 61%)
  adding: sources/util/string_array.c (deflated 79%)
  adding: sources/util/integer_array.c (deflated 83%)
  adding: sources/util/uthash.h (deflated 81%)
  adding: sources/util/java_interface.h (deflated 61%)
  adding: sources/util/base_array.h (deflated 64%)
  adding: sources/meta/ (stored 0%)
  adding: sources/meta/meta_modelica_mk_box.h (deflated 95%)
  adding: sources/meta/meta_modelica_builtin_boxvar.h (deflated 89%)
  adding: sources/meta/meta_modelica_catch.c (deflated 44%)
  adding: sources/meta/meta_modelica_builtin.h (deflated 74%)
  adding: sources/meta/meta_modelica_builtin_boxptr.h (deflated 77%)
  adding: sources/meta/meta_modelica_data.h (deflated 69%)
  adding: sources/meta/meta_modelica.h (deflated 62%)
  adding: sources/meta/meta_modelica_segv.h (deflated 60%)
  adding: sources/RoverExample_Components_Webserver_records.c (deflated 40%)
  adding: sources/RoverExample_Components_Webserver_06inz.c (deflated 82%)
  adding: sources/RoverExample_Components_Webserver_includes.h (stored 0%)
  adding: sources/simulation_data.h (deflated 73%)
  adding: sources/omc_inline.h (deflated 47%)
  adding: sources/RoverExample_Components_Webserver_12jac.c (deflated 88%)
  adding: sources/RoverExample_Components_Webserver_10asr.c (deflated 36%)
  adding: sources/RoverExample_Components_Webserver_functions.c (deflated 43%)
  adding: sources/RoverExample_Components_Webserver.def (deflated 82%)
  adding: sources/RoverExample_Components_Webserver_11mix.c (deflated 53%)
  adding: sources/include/ (stored 0%)
  adding: sources/RoverExample_Components_Webserver_literals.h (deflated 33%)
  adding: sources/RoverExample_Components_Webserver_model.h (deflated 83%)
  adding: sources/fmi-export/ (stored 0%)
  adding: sources/fmi-export/fmu2_model_interface.c.inc (deflated 83%)
  adding: sources/fmi-export/fmu_read_flags.c.inc (deflated 67%)
  adding: sources/fmi-export/fmu_read_flags.h (deflated 45%)
  adding: sources/fmi-export/fmu2_model_interface.h (deflated 59%)
  adding: sources/RoverExample_Components_Webserver_init_fmu.c (deflated 87%)
  adding: sources/math-support/ (stored 0%)
  adding: sources/math-support/pivot.c (deflated 65%)
  adding: sources/RoverExample_Components_Webserver_16dae.c (deflated 34%)
  adding: sources/RoverExample_Components_Webserver_functions.h (deflated 55%)
  adding: sources/openmodelica_types.h (deflated 60%)
  adding: sources/isfmi2 (stored 0%)
  adding: sources/RoverExample_Components_Webserver_13opt.h (deflated 62%)
  adding: sources/RoverExample_Components_Webserver_FMU.libs (stored 0%)
  adding: sources/RoverExample_Components_Webserver_FMU.c (deflated 81%)
  adding: sources/CMakeLists.txt.in (deflated 71%)
